Build started 16/2/2015 3:17:07 PM.
     1>Project "C:\Users\hibar_000\Desktop\SP2-16\MyGraphics\MyGraphics.vcxproj" on node 2 (build target(s)).
     1>InitializeBuildStatus:
         Creating "Debug\MyGraphics.unsuccessfulbuild" because "AlwaysCreate" was specified.
       ClCompile:
         C:\Program Files (x86)\Microsoft Visual Studio 10.0\VC\bin\CL.exe /c /I"C:\Users\hibar_000\Desktop\SP2-16\\Common\Source" /I"C:\Users\hibar_000\Desktop\SP2-16\\glfw\include" /I"C:\Users\hibar_000\Desktop\SP2-16\\glew\include" /ZI /nologo /W3 /WX- /Od /Oy- /D WIN32 /D _DEBUG /D _CONSOLE /D _UNICODE /D UNICODE /Gm /EHsc /RTC1 /MDd /GS /fp:precise /Zc:wchar_t /Zc:forScope /Fo"Debug\\" /Fd"Debug\vc100.pdb" /Gd /TP /analyze- /errorReport:prompt Source\inventory.cpp
         inventory.cpp
       ManifestResourceCompile:
         All outputs are up-to-date.
       Link:
         C:\Program Files (x86)\Microsoft Visual Studio 10.0\VC\bin\link.exe /ERRORREPORT:PROMPT /OUT:"C:\Users\hibar_000\Desktop\SP2-16\Debug\MyGraphics.exe" /INCREMENTAL /NOLOGO /LIBPATH:"C:\Users\hibar_000\Desktop\SP2-16\Debug" /LIBPATH:"C:\Users\hibar_000\Desktop\SP2-16\\glfw\lib-msvc100" /LIBPATH:"C:\Users\hibar_000\Desktop\SP2-16\\glew\lib" glew32.lib glfw3.lib opengl32.lib winmm.lib Common.lib kernel32.lib user32.lib gdi32.lib winspool.lib comdlg32.lib advapi32.lib shell32.lib ole32.lib oleaut32.lib uuid.lib odbc32.lib odbccp32.lib /MANIFEST /ManifestFile:"Debug\MyGraphics.exe.intermediate.manifest" /MANIFESTUAC:"level='asInvoker' uiAccess='false'" /DEBUG /PDB:"C:\Users\hibar_000\Desktop\SP2-16\Debug\MyGraphics.pdb" /SUBSYSTEM:CONSOLE /TLBID:1 /DYNAMICBASE /NXCOMPAT /IMPLIB:"C:\Users\hibar_000\Desktop\SP2-16\Debug\MyGraphics.lib" /MACHINE:X86 Debug\MyGraphics.exe.embed.manifest.res
         Debug\Application.obj
         Debug\Camera.obj
         Debug\Camera3.obj
         Debug\collision.obj
         Debug\inventory.obj
         Debug\LoadOBJ.obj
         Debug\LoadTGA.obj
         Debug\main.obj
         Debug\Mesh.obj
         Debug\MeshBuilder.obj
         Debug\player.obj
         Debug\PROJECTScene.obj
         Debug\shader.obj
         Debug\Utility.obj
       Manifest:
         C:\Program Files (x86)\Microsoft SDKs\Windows\v7.0A\bin\mt.exe /nologo /verbose /out:"Debug\MyGraphics.exe.embed.manifest" /manifest Debug\MyGraphics.exe.intermediate.manifest
         All outputs are up-to-date.
       LinkEmbedManifest:
         All outputs are up-to-date.
         MyGraphics.vcxproj -> C:\Users\hibar_000\Desktop\SP2-16\Debug\MyGraphics.exe
       FinalizeBuildStatus:
         Deleting file "Debug\MyGraphics.unsuccessfulbuild".
         Touching "Debug\MyGraphics.lastbuildstate".
     1>Done Building Project "C:\Users\hibar_000\Desktop\SP2-16\MyGraphics\MyGraphics.vcxproj" (build target(s)).

Build succeeded.

Time Elapsed 00:00:01.35
