C:\USERS\HIBAR_000\DESKTOP\MYGRAPHICS\DEBUG\MYGRAPHICS.EXE
C:\USERS\HIBAR_000\DESKTOP\MYGRAPHICS\DEBUG\MYGRAPHICS.ILK
C:\USERS\HIBAR_000\DESKTOP\MYGRAPHICS\DEBUG\MYGRAPHICS.PDB
C:\USERS\HIBAR_000\DESKTOP\MYGRAPHICS\MYGRAPHICS\DEBUG\APPLICATION.OBJ
C:\USERS\HIBAR_000\DESKTOP\MYGRAPHICS\MYGRAPHICS\DEBUG\CAMERA.OBJ
C:\USERS\HIBAR_000\DESKTOP\MYGRAPHICS\MYGRAPHICS\DEBUG\CAMERA3.OBJ
C:\Users\hibar_000\Desktop\MyGraphics\MyGraphics\Debug\cl.command.1.tlog
C:\Users\hibar_000\Desktop\MyGraphics\MyGraphics\Debug\CL.read.1.tlog
C:\Users\hibar_000\Desktop\MyGraphics\MyGraphics\Debug\CL.write.1.tlog
C:\USERS\HIBAR_000\DESKTOP\MYGRAPHICS\MYGRAPHICS\DEBUG\COLLISION.OBJ
C:\USERS\HIBAR_000\DESKTOP\MYGRAPHICS\MYGRAPHICS\DEBUG\INVENTORY.OBJ
C:\Users\hibar_000\Desktop\MyGraphics\MyGraphics\Debug\link.1480.read.1.tlog
C:\Users\hibar_000\Desktop\MyGraphics\MyGraphics\Debug\link.1480.write.1.tlog
C:\Users\hibar_000\Desktop\MyGraphics\MyGraphics\Debug\link.1480-cvtres.read.1.tlog
C:\Users\hibar_000\Desktop\MyGraphics\MyGraphics\Debug\link.1480-cvtres.write.1.tlog
C:\Users\hibar_000\Desktop\MyGraphics\MyGraphics\Debug\link.command.1.tlog
C:\Users\hibar_000\Desktop\MyGraphics\MyGraphics\Debug\link.read.1.tlog
C:\Users\hibar_000\Desktop\MyGraphics\MyGraphics\Debug\link.write.1.tlog
C:\Users\hibar_000\Desktop\MyGraphics\MyGraphics\Debug\link-cvtres.read.1.tlog
C:\Users\hibar_000\Desktop\MyGraphics\MyGraphics\Debug\link-cvtres.write.1.tlog
C:\USERS\HIBAR_000\DESKTOP\MYGRAPHICS\MYGRAPHICS\DEBUG\LOADOBJ.OBJ
C:\USERS\HIBAR_000\DESKTOP\MYGRAPHICS\MYGRAPHICS\DEBUG\LOADTGA.OBJ
C:\USERS\HIBAR_000\DESKTOP\MYGRAPHICS\MYGRAPHICS\DEBUG\MAIN.OBJ
C:\USERS\HIBAR_000\DESKTOP\MYGRAPHICS\MYGRAPHICS\DEBUG\MESH.OBJ
C:\USERS\HIBAR_000\DESKTOP\MYGRAPHICS\MYGRAPHICS\DEBUG\MESHBUILDER.OBJ
C:\Users\hibar_000\Desktop\MyGraphics\MyGraphics\Debug\mt.command.1.tlog
C:\Users\hibar_000\Desktop\MyGraphics\MyGraphics\Debug\mt.read.1.tlog
C:\Users\hibar_000\Desktop\MyGraphics\MyGraphics\Debug\mt.write.1.tlog
C:\USERS\HIBAR_000\DESKTOP\MYGRAPHICS\MYGRAPHICS\DEBUG\MYGRAPHICS.EXE.EMBED.MANIFEST
C:\USERS\HIBAR_000\DESKTOP\MYGRAPHICS\MYGRAPHICS\DEBUG\MYGRAPHICS.EXE.EMBED.MANIFEST.RES
C:\USERS\HIBAR_000\DESKTOP\MYGRAPHICS\MYGRAPHICS\DEBUG\MYGRAPHICS.EXE.INTERMEDIATE.MANIFEST
C:\Users\hibar_000\Desktop\MyGraphics\MyGraphics\Debug\MyGraphics.write.1.tlog
C:\Users\hibar_000\Desktop\MyGraphics\MyGraphics\Debug\MyGraphics_manifest.rc
C:\USERS\HIBAR_000\DESKTOP\MYGRAPHICS\MYGRAPHICS\DEBUG\PLAYER.OBJ
C:\USERS\HIBAR_000\DESKTOP\MYGRAPHICS\MYGRAPHICS\DEBUG\PROJECTSCENE.OBJ
C:\Users\hibar_000\Desktop\MyGraphics\MyGraphics\Debug\rc.command.1.tlog
C:\Users\hibar_000\Desktop\MyGraphics\MyGraphics\Debug\rc.read.1.tlog
C:\Users\hibar_000\Desktop\MyGraphics\MyGraphics\Debug\rc.write.1.tlog
C:\USERS\HIBAR_000\DESKTOP\MYGRAPHICS\MYGRAPHICS\DEBUG\SHADER.OBJ
C:\USERS\HIBAR_000\DESKTOP\MYGRAPHICS\MYGRAPHICS\DEBUG\UTILITY.OBJ
C:\Users\hibar_000\Desktop\MyGraphics\MyGraphics\Debug\vc100.idb
C:\USERS\HIBAR_000\DESKTOP\MYGRAPHICS\MYGRAPHICS\DEBUG\VC100.PDB
